Microsoft (R) Macro Assembler Version 14.00.24210.0	    02/03/18 14:18:25
AddTwo.asm						     Page 1 - 1


				; AddTwo.asm - adds two 32-bit integers.
				; practice

				.386
				.model flat,stdcall
				.stack 4096
				ExitProcess proto,dwExitCode:dword

 00000000			.code
 00000000			main proc

 00000000  B9 0000000F			mov ecx, 15
 00000005  BA 0000001F			mov edx, 31
 0000000A  BB 0000000F			mov ebx, 15			
 0000000F  03 CB			add	ecx, ebx				
 00000011  2B CA			sub ecx, edx
 00000013  8B C1			mov eax, ecx

					invoke ExitProcess,0
 00000015  6A 00	   *	    push   +000000000h
 00000017  E8 00000000 E   *	    call   ExitProcess
 0000001C			main endp
				end main
Microsoft (R) Macro Assembler Version 14.00.24210.0	    02/03/18 14:18:25
AddTwo.asm						     Symbols 2 - 1




Segments and Groups:

                N a m e                 Size     Length   Align   Combine Class

FLAT . . . . . . . . . . . . . .	GROUP
STACK  . . . . . . . . . . . . .	32 Bit	 00001000 DWord	  Stack	  'STACK'	 
_DATA  . . . . . . . . . . . . .	32 Bit	 00000000 DWord	  Public  'DATA'	
_TEXT  . . . . . . . . . . . . .	32 Bit	 0000001C DWord	  Public  'CODE'	


Procedures, parameters, and locals:

                N a m e                 Type     Value    Attr

ExitProcess  . . . . . . . . . .	P Near	 00000000 FLAT	Length= 00000000 External STDCALL
main . . . . . . . . . . . . . .	P Near	 00000000 _TEXT	Length= 0000001C Public STDCALL


Symbols:

                N a m e                 Type     Value    Attr

@CodeSize  . . . . . . . . . . .	Number	 00000000h   
@DataSize  . . . . . . . . . . .	Number	 00000000h   
@Interface . . . . . . . . . . .	Number	 00000003h   
@Model . . . . . . . . . . . . .	Number	 00000007h   
@code  . . . . . . . . . . . . .	Text   	 _TEXT
@data  . . . . . . . . . . . . .	Text   	 FLAT
@fardata?  . . . . . . . . . . .	Text   	 FLAT
@fardata . . . . . . . . . . . .	Text   	 FLAT
@stack . . . . . . . . . . . . .	Text   	 FLAT

	   0 Warnings
	   0 Errors
