Microsoft (R) Macro Assembler Version 14.00.24210.0	    04/24/18 14:35:51
Horning1.asm						     Page 1 - 1


				;Kevin Horning
				;CSC 3210
				;Assignment 4 Problem 1
				;Calculates the expression EDX = -val2 + 7 - (-val3 + val1)
				;for given variable values and types

				.386
				.model flat,stdcall
				.stack 4096
				ExitProcess proto,dwExitCode:dword

 00000000			.data 
 00000000 0014				val1 WORD 20
 00000002 0011				val2 SWORD 17
 00000004 0003				val3 SWORD 3
 00000000			.code
 00000000			main proc
 00000000  BA 00000000 R	    mov edx, OFFSET val1
 00000005  B8 00000000		    mov eax, 0
 0000000A  BB 00000000			mov ebx, 0
 0000000F  66| F7 1D			neg val2	
	   00000002 R
 00000016  66| 83 05			add val2, 7	
	   00000002 R 07
 0000001E  66| A1			mov ax, val2
	   00000002 R
 00000024  66| F7 1D			neg val3
	   00000004 R
 0000002B  66| 8B 1D			mov bx, val3
	   00000004 R
 00000032  66| 03 1D			add bx, val1
	   00000000 R
 00000039  66| 2B C3			sub ax, bx

					invoke ExitProcess,0
 0000003C  6A 00	   *	    push   +000000000h
 0000003E  E8 00000000 E   *	    call   ExitProcess
 00000043			main endp
				end main
Microsoft (R) Macro Assembler Version 14.00.24210.0	    04/24/18 14:35:51
Horning1.asm						     Symbols 2 - 1




Segments and Groups:

                N a m e                 Size     Length   Align   Combine Class

FLAT . . . . . . . . . . . . . .	GROUP
STACK  . . . . . . . . . . . . .	32 Bit	 00001000 DWord	  Stack	  'STACK'	 
_DATA  . . . . . . . . . . . . .	32 Bit	 00000006 DWord	  Public  'DATA'	
_TEXT  . . . . . . . . . . . . .	32 Bit	 00000043 DWord	  Public  'CODE'	


Procedures, parameters, and locals:

                N a m e                 Type     Value    Attr

ExitProcess  . . . . . . . . . .	P Near	 00000000 FLAT	Length= 00000000 External STDCALL
main . . . . . . . . . . . . . .	P Near	 00000000 _TEXT	Length= 00000043 Public STDCALL


Symbols:

                N a m e                 Type     Value    Attr

@CodeSize  . . . . . . . . . . .	Number	 00000000h   
@DataSize  . . . . . . . . . . .	Number	 00000000h   
@Interface . . . . . . . . . . .	Number	 00000003h   
@Model . . . . . . . . . . . . .	Number	 00000007h   
@code  . . . . . . . . . . . . .	Text   	 _TEXT
@data  . . . . . . . . . . . . .	Text   	 FLAT
@fardata?  . . . . . . . . . . .	Text   	 FLAT
@fardata . . . . . . . . . . . .	Text   	 FLAT
@stack . . . . . . . . . . . . .	Text   	 FLAT
val1 . . . . . . . . . . . . . .	Word	 00000000 _DATA	
val2 . . . . . . . . . . . . . .	Word	 00000002 _DATA	
val3 . . . . . . . . . . . . . .	Word	 00000004 _DATA	

	   0 Warnings
	   0 Errors
